[debug] [2020-04-18T06:30:07.302Z] ----------------------------------------------------------------------
[debug] [2020-04-18T06:30:07.304Z] Command:       D:\Program Files\nodejs\node.exe C:\Users\Kali\AppData\Roaming\npm\node_modules\firebase-tools\lib\bin\firebase.js init
[debug] [2020-04-18T06:30:07.304Z] CLI Version:   8.1.0
[debug] [2020-04-18T06:30:07.304Z] Platform:      win32
[debug] [2020-04-18T06:30:07.304Z] Node Version:  v12.13.0
[debug] [2020-04-18T06:30:07.305Z] Time:          Sat Apr 18 2020 08:30:07 GMT+0200 (GMT+02:00)
[debug] [2020-04-18T06:30:07.305Z] ----------------------------------------------------------------------
[debug] [2020-04-18T06:30:07.305Z] 
[debug] [2020-04-18T06:30:07.310Z] > command requires scopes: ["email","openid","https://www.googleapis.com/auth/cloudplatformprojects.readonly","https://www.googleapis.com/auth/firebase","https://www.googleapis.com/auth/cloud-platform"]
[debug] [2020-04-18T06:30:07.310Z] > authorizing via signed-in user
[info] 
     ######## #### ########  ######## ########     ###     ######  ########
     ##        ##  ##     ## ##       ##     ##  ##   ##  ##       ##
     ######    ##  ########  ######   ########  #########  ######  ######
     ##        ##  ##    ##  ##       ##     ## ##     ##       ## ##
     ##       #### ##     ## ######## ########  ##     ##  ######  ########

You're about to initialize a Firebase project in this directory:

  C:\Users\Kali\Desktop\kurs-zadania\find-active

[debug] [2020-04-18T06:30:18.837Z] ----------------------------------------------------------------------
[debug] [2020-04-18T06:30:18.839Z] Command:       D:\Program Files\nodejs\node.exe C:\Users\Kali\AppData\Roaming\npm\node_modules\firebase-tools\lib\bin\firebase.js init hosting
[debug] [2020-04-18T06:30:18.839Z] CLI Version:   8.1.0
[debug] [2020-04-18T06:30:18.839Z] Platform:      win32
[debug] [2020-04-18T06:30:18.839Z] Node Version:  v12.13.0
[debug] [2020-04-18T06:30:18.840Z] Time:          Sat Apr 18 2020 08:30:18 GMT+0200 (GMT+02:00)
[debug] [2020-04-18T06:30:18.840Z] ----------------------------------------------------------------------
[debug] [2020-04-18T06:30:18.840Z] 
[debug] [2020-04-18T06:30:18.845Z] > command requires scopes: ["email","openid","https://www.googleapis.com/auth/cloudplatformprojects.readonly","https://www.googleapis.com/auth/firebase","https://www.googleapis.com/auth/cloud-platform"]
[debug] [2020-04-18T06:30:18.845Z] > authorizing via signed-in user
[info] 
     ######## #### ########  ######## ########     ###     ######  ########
     ##        ##  ##     ## ##       ##     ##  ##   ##  ##       ##
     ######    ##  ########  ######   ########  #########  ######  ######
     ##        ##  ##    ##  ##       ##     ## ##     ##       ## ##
     ##       #### ##     ## ######## ########  ##     ##  ######  ########

You're about to initialize a Firebase project in this directory:

  C:\Users\Kali\Desktop\kurs-zadania\find-active

[info] 
=== Project Setup
[info] 
[info] First, let's associate this project directory with a Firebase project.
[info] You can create multiple project aliases by running firebase use --add, 
[info] but for now we'll just set up a default project.
[info] 
[debug] [2020-04-18T06:30:50.524Z] ----------------------------------------------------------------------
[debug] [2020-04-18T06:30:50.525Z] Command:       D:\Program Files\nodejs\node.exe C:\Users\Kali\AppData\Roaming\npm\node_modules\firebase-tools\lib\bin\firebase.js init
[debug] [2020-04-18T06:30:50.525Z] CLI Version:   8.1.0
[debug] [2020-04-18T06:30:50.525Z] Platform:      win32
[debug] [2020-04-18T06:30:50.526Z] Node Version:  v12.13.0
[debug] [2020-04-18T06:30:50.526Z] Time:          Sat Apr 18 2020 08:30:50 GMT+0200 (GMT+02:00)
[debug] [2020-04-18T06:30:50.527Z] ----------------------------------------------------------------------
[debug] [2020-04-18T06:30:50.527Z] 
[debug] [2020-04-18T06:30:50.531Z] > command requires scopes: ["email","openid","https://www.googleapis.com/auth/cloudplatformprojects.readonly","https://www.googleapis.com/auth/firebase","https://www.googleapis.com/auth/cloud-platform"]
[debug] [2020-04-18T06:30:50.532Z] > authorizing via signed-in user
[info] 
     ######## #### ########  ######## ########     ###     ######  ########
     ##        ##  ##     ## ##       ##     ##  ##   ##  ##       ##
     ######    ##  ########  ######   ########  #########  ######  ######
     ##        ##  ##    ##  ##       ##     ## ##     ##       ## ##
     ##       #### ##     ## ######## ########  ##     ##  ######  ########

You're about to initialize a Firebase project in this directory:

  C:\Users\Kali\Desktop\kurs-zadania\find-active

